<?xml version="1.0" encoding="UTF-8"?>
<testng-results skipped="0" failed="0" ignored="0" total="1" passed="1">
  <reporter-output>
    <line>
      <![CDATA[hiiiiiiii]]>
    </line>
  </reporter-output>
  <suite name="Default suite" duration-ms="58" started-at="2018-04-15T07:15:19Z" finished-at="2018-04-15T07:15:19Z">
    <groups>
    </groups>
    <test name="Default test" duration-ms="58" started-at="2018-04-15T07:15:19Z" finished-at="2018-04-15T07:15:19Z">
      <class name="mavenA.TestA">
        <test-method status="PASS" signature="testA()[pri:0, instance:mavenA.TestA@10d0686]" name="testA" duration-ms="15" started-at="2018-04-15T07:15:19Z" finished-at="2018-04-15T07:15:19Z">
          <reporter-output>
            <line>
              <![CDATA[hiiiiiiii]]>
            </line>
          </reporter-output>
        </test-method> <!-- testA -->
      </class> <!-- mavenA.TestA -->
    </test> <!-- Default test -->
  </suite> <!-- Default suite -->
</testng-results>
